C:\Users\ghost\Desktop\Projects\confetti canon\confetti canon\Release\cl.command.1.tlog
C:\Users\ghost\Desktop\Projects\confetti canon\confetti canon\Release\CL.read.1.tlog
C:\Users\ghost\Desktop\Projects\confetti canon\confetti canon\Release\CL.write.1.tlog
C:\USERS\GHOST\DESKTOP\PROJECTS\CONFETTI CANON\CONFETTI CANON\RELEASE\CONFETTI CANON.EXE.INTERMEDIATE.MANIFEST
C:\Users\ghost\Desktop\Projects\confetti canon\confetti canon\Release\confetti canon.write.1.tlog
C:\USERS\GHOST\DESKTOP\PROJECTS\CONFETTI CANON\CONFETTI CANON\RELEASE\GLEW.OBJ
C:\USERS\GHOST\DESKTOP\PROJECTS\CONFETTI CANON\CONFETTI CANON\RELEASE\GLSL.OBJ
C:\Users\ghost\Desktop\Projects\confetti canon\confetti canon\Release\link.command.1.tlog
C:\Users\ghost\Desktop\Projects\confetti canon\confetti canon\Release\link.read.1.tlog
C:\Users\ghost\Desktop\Projects\confetti canon\confetti canon\Release\link.write.1.tlog
C:\USERS\GHOST\DESKTOP\PROJECTS\CONFETTI CANON\CONFETTI CANON\RELEASE\MAIN.OBJ
C:\Users\ghost\Desktop\Projects\confetti canon\confetti canon\Release\mt.command.1.tlog
C:\Users\ghost\Desktop\Projects\confetti canon\confetti canon\Release\mt.read.1.tlog
C:\Users\ghost\Desktop\Projects\confetti canon\confetti canon\Release\mt.write.1.tlog
C:\USERS\GHOST\DESKTOP\PROJECTS\CONFETTI CANON\CONFETTI CANON\RELEASE\PARTICULE.OBJ
C:\USERS\GHOST\DESKTOP\PROJECTS\CONFETTI CANON\CONFETTI CANON\RELEASE\VC100.PDB
C:\USERS\GHOST\DESKTOP\PROJECTS\CONFETTI CANON\RELEASE\CONFETTI CANON.EXE
C:\Users\ghost\Desktop\Projects\confetti canon\Release\confetti canon.exp
C:\Users\ghost\Desktop\Projects\confetti canon\Release\confetti canon.lib
C:\USERS\GHOST\DESKTOP\PROJECTS\CONFETTI CANON\RELEASE\CONFETTI CANON.PDB
