La génération a démarré 05/06/2012 21:35:42.
     1>Projet "C:\Users\ghost\Desktop\Projects\confetti canon\confetti canon\confetti canon.vcxproj" sur le nœud 2 (build cible(s)).
     1>InitializeBuildStatus:
         Création de "Release\confetti canon.unsuccessfulbuild", car "AlwaysCreate" a été spécifié.
       ClCompile:
         Toutes les sorties sont à jour.
         C:\Program Files (x86)\Microsoft Visual Studio 10.0\VC\bin\CL.exe /c /Zi /nologo /W3 /WX- /O2 /Oi /Oy- /GL /D _MBCS /Gm- /EHsc /MD /GS /Gy /fp:precise /Zc:wchar_t /Zc:forScope /Fo"Release\\" /Fd"Release\vc100.pdb" /Gd /TP /analyze- /errorReport:prompt particule.cpp
         particule.cpp
     1>c:\users\ghost\desktop\projects\confetti canon\confetti canon\particule.h(64): warning C4091: 'static ' : ignoré à gauche de 'particule' quand aucune variable n'est déclarée
     1>c:\users\ghost\desktop\projects\confetti canon\confetti canon\particule.h(30): warning C4244: 'return' : conversion de 'double' en 'float', perte possible de données
     1>particule.cpp(43): warning C4244: '=' : conversion de 'float' en 'int', perte possible de données
     1>particule.cpp(44): warning C4244: '=' : conversion de 'float' en 'int', perte possible de données
     1>particule.cpp(45): warning C4244: '=' : conversion de 'float' en 'int', perte possible de données
     1>particule.cpp(77): warning C4244: 'return' : conversion de 'int' en 'float', perte possible de données
     1>particule.cpp(101): warning C4244: 'return' : conversion de 'int' en 'float', perte possible de données
       Link:
         C:\Program Files (x86)\Microsoft Visual Studio 10.0\VC\bin\link.exe /ERRORREPORT:PROMPT /OUT:"C:\Users\ghost\Desktop\Projects\confetti canon\Release\confetti canon.exe" /NOLOGO kernel32.lib user32.lib gdi32.lib winspool.lib comdlg32.lib advapi32.lib shell32.lib ole32.lib oleaut32.lib uuid.lib odbc32.lib odbccp32.lib /MANIFEST /ManifestFile:"Release\confetti canon.exe.intermediate.manifest" /MANIFESTUAC:"level='asInvoker' uiAccess='false'" /DEBUG /PDB:"C:\Users\ghost\Desktop\Projects\confetti canon\Release\confetti canon.pdb" /SUBSYSTEM:CONSOLE /OPT:REF /OPT:ICF /LTCG /TLBID:1 /DYNAMICBASE /NXCOMPAT /IMPLIB:"C:\Users\ghost\Desktop\Projects\confetti canon\Release\confetti canon.lib" /MACHINE:X86 Release\glew.obj
         Release\glsl.obj
         Release\main.obj
         Release\particule.obj
            Création de la bibliothèque C:\Users\ghost\Desktop\Projects\confetti canon\Release\confetti canon.lib et de l'objet C:\Users\ghost\Desktop\Projects\confetti canon\Release\confetti canon.exp
         Génération de code en cours
         Fin de la génération du code
         confetti canon.vcxproj -> C:\Users\ghost\Desktop\Projects\confetti canon\Release\confetti canon.exe
       Manifest:
         C:\Program Files (x86)\Microsoft SDKs\Windows\v7.0A\bin\mt.exe /nologo /verbose /outputresource:"C:\Users\ghost\Desktop\Projects\confetti canon\Release\confetti canon.exe;#1" /manifest "Release\confetti canon.exe.intermediate.manifest"
       FinalizeBuildStatus:
         Suppression du fichier "Release\confetti canon.unsuccessfulbuild".
         Mise à jour de l'horodatage "Release\confetti canon.lastbuildstate".
     1>Génération du projet "C:\Users\ghost\Desktop\Projects\confetti canon\confetti canon\confetti canon.vcxproj" terminée (build cible(s)).

La génération a réussi.

Temps écoulé 00:00:09.10
