La génération a démarré 08/06/2012 19:32:02.
     1>Projet "C:\Users\ghost\Desktop\Projects\confetti canon\confetti canon\confetti canon.vcxproj" sur le nœud 2 (build cible(s)).
     1>InitializeBuildStatus:
         Création de "Debug\confetti canon.unsuccessfulbuild", car "AlwaysCreate" a été spécifié.
       ClCompile:
         C:\Program Files (x86)\Microsoft Visual Studio 10.0\VC\bin\CL.exe /c /ZI /nologo /W3 /WX- /Od /Oy- /D GLEW_STATIC /D _MBCS /Gm /EHsc /RTC1 /MDd /GS /fp:precise /Zc:wchar_t /Zc:forScope /Fo"Debug\\" /Fd"Debug\vc100.pdb" /Gd /TC /analyze- /errorReport:prompt glew.c
         glew.c
         C:\Program Files (x86)\Microsoft Visual Studio 10.0\VC\bin\CL.exe /c /ZI /nologo /W3 /WX- /Od /Oy- /D GLEW_STATIC /D _MBCS /Gm /EHsc /RTC1 /MDd /GS /fp:precise /Zc:wchar_t /Zc:forScope /Fo"Debug\\" /Fd"Debug\vc100.pdb" /Gd /TP /analyze- /errorReport:prompt glsl.cpp main.cpp particule.cpp
         Ignoré... (aucune modification pertinente détectée)
         particule.cpp
         main.cpp
         glsl.cpp
       Link:
         C:\Program Files (x86)\Microsoft Visual Studio 10.0\VC\bin\link.exe /ERRORREPORT:PROMPT /OUT:"C:\Users\ghost\Desktop\Projects\confetti canon\Debug\confetti canon.exe" /NOLOGO glut32.lib opengl32.lib glu32.lib kernel32.lib user32.lib gdi32.lib winspool.lib comdlg32.lib advapi32.lib shell32.lib ole32.lib oleaut32.lib uuid.lib odbc32.lib odbccp32.lib /MANIFEST /ManifestFile:"Debug\confetti canon.exe.intermediate.manifest" /MANIFESTUAC:"level='asInvoker' uiAccess='false'" /DEBUG /PDB:"C:\Users\ghost\Desktop\Projects\confetti canon\Debug\confetti canon.pdb" /TLBID:1 /DYNAMICBASE /NXCOMPAT /IMPLIB:"C:\Users\ghost\Desktop\Projects\confetti canon\Debug\confetti canon.lib" /MACHINE:X86 Debug\glew.obj
         Debug\glsl.obj
         Debug\main.obj
         Debug\particule.obj
         LINK : C:\Users\ghost\Desktop\Projects\confetti canon\Debug\confetti canon.exe introuvable ou non généré par la dernière édition de liens incrémentielle ; édition de liens complète en cours
         confetti canon.vcxproj -> C:\Users\ghost\Desktop\Projects\confetti canon\Debug\confetti canon.exe
       Manifest:
         C:\Program Files (x86)\Microsoft SDKs\Windows\v7.0A\bin\mt.exe /nologo /verbose /outputresource:"C:\Users\ghost\Desktop\Projects\confetti canon\Debug\confetti canon.exe;#1" /manifest "Debug\confetti canon.exe.intermediate.manifest"
       FinalizeBuildStatus:
         Suppression du fichier "Debug\confetti canon.unsuccessfulbuild".
         Mise à jour de l'horodatage "Debug\confetti canon.lastbuildstate".
     1>Génération du projet "C:\Users\ghost\Desktop\Projects\confetti canon\confetti canon\confetti canon.vcxproj" terminée (build cible(s)).

La génération a réussi.

Temps écoulé 00:00:06.45
